[2025-03-05 09:19:15] local.ERROR: Target class [Api\V2\SearchSuggestionController] does not exist. {"exception":"[object] (Illuminate\\Contracts\\Container\\BindingResolutionException(code: 0): Target class [Api\\V2\\SearchSuggestionController] does not exist. at C:\\wamp64\\www\\jisha\\Medon\\vendor\\laravel\\framework\\src\\Illuminate\\Container\\Container.php:879)
[stacktrace]
#0 C:\\wamp64\\www\\jisha\\Medon\\vendor\\laravel\\framework\\src\\Illuminate\\Container\\Container.php(758): Illuminate\\Container\\Container->build('Api\\\\V2\\\\SearchSu...')
#1 C:\\wamp64\\www\\jisha\\Medon\\vendor\\laravel\\framework\\src\\Illuminate\\Foundation\\Application.php(853): Illuminate\\Container\\Container->resolve('Api\\\\V2\\\\SearchSu...', Array, true)
#2 C:\\wamp64\\www\\jisha\\Medon\\vendor\\laravel\\framework\\src\\Illuminate\\Container\\Container.php(694): Illuminate\\Foundation\\Application->resolve('Api\\\\V2\\\\SearchSu...', Array)
#3 C:\\wamp64\\www\\jisha\\Medon\\vendor\\laravel\\framework\\src\\Illuminate\\Foundation\\Application.php(838): Illuminate\\Container\\Container->make('Api\\\\V2\\\\SearchSu...', Array)
#4 C:\\wamp64\\www\\jisha\\Medon\\vendor\\laravel\\framework\\src\\Illuminate\\Routing\\Route.php(276): Illuminate\\Foundation\\Application->make('Api\\\\V2\\\\SearchSu...')
#5 C:\\wamp64\\www\\jisha\\Medon\\vendor\\laravel\\framework\\src\\Illuminate\\Routing\\Route.php(1080): Illuminate\\Routing\\Route->getController()
#6 C:\\wamp64\\www\\jisha\\Medon\\vendor\\laravel\\framework\\src\\Illuminate\\Routing\\Route.php(1023): Illuminate\\Routing\\Route->controllerMiddleware()
#7 C:\\wamp64\\www\\jisha\\Medon\\vendor\\laravel\\framework\\src\\Illuminate\\Routing\\Router.php(734): Illuminate\\Routing\\Route->gatherMiddleware()
#8 C:\\wamp64\\www\\jisha\\Medon\\vendor\\laravel\\framework\\src\\Illuminate\\Foundation\\Console\\RouteListCommand.php(175): Illuminate\\Routing\\Router->gatherRouteMiddleware(Object(Illuminate\\Routing\\Route))
#9 C:\\wamp64\\www\\jisha\\Medon\\vendor\\laravel\\framework\\src\\Illuminate\\Foundation\\Console\\RouteListCommand.php(119): Illuminate\\Foundation\\Console\\RouteListCommand->getMiddleware(Object(Illuminate\\Routing\\Route))
#10 C:\\wamp64\\www\\jisha\\Medon\\vendor\\laravel\\framework\\src\\Illuminate\\Foundation\\Console\\RouteListCommand.php(91): Illuminate\\Foundation\\Console\\RouteListCommand->getRouteInformation(Object(Illuminate\\Routing\\Route))
#11 [internal function]: Illuminate\\Foundation\\Console\\RouteListCommand->Illuminate\\Foundation\\Console\\{closure}(Object(Illuminate\\Routing\\Route), 108)
#12 C:\\wamp64\\www\\jisha\\Medon\\vendor\\laravel\\framework\\src\\Illuminate\\Collections\\Collection.php(695): array_map(Object(Closure), Array, Array)
#13 C:\\wamp64\\www\\jisha\\Medon\\vendor\\laravel\\framework\\src\\Illuminate\\Foundation\\Console\\RouteListCommand.php(92): Illuminate\\Support\\Collection->map(Object(Closure))
#14 C:\\wamp64\\www\\jisha\\Medon\\vendor\\laravel\\framework\\src\\Illuminate\\Foundation\\Console\\RouteListCommand.php(76): Illuminate\\Foundation\\Console\\RouteListCommand->getRoutes()
#15 C:\\wamp64\\www\\jisha\\Medon\\vendor\\laravel\\framework\\src\\Illuminate\\Container\\BoundMethod.php(36): Illuminate\\Foundation\\Console\\RouteListCommand->handle()
#16 C:\\wamp64\\www\\jisha\\Medon\\vendor\\laravel\\framework\\src\\Illuminate\\Container\\Util.php(40): Illuminate\\Container\\BoundMethod::Illuminate\\Container\\{closure}()
#17 C:\\wamp64\\www\\jisha\\Medon\\vendor\\laravel\\framework\\src\\Illuminate\\Container\\BoundMethod.php(93): Illuminate\\Container\\Util::unwrapIfClosure(Object(Closure))
#18 C:\\wamp64\\www\\jisha\\Medon\\vendor\\laravel\\framework\\src\\Illuminate\\Container\\BoundMethod.php(37): Illuminate\\Container\\BoundMethod::callBoundMethod(Object(Illuminate\\Foundation\\Application), Array, Object(Closure))
#19 C:\\wamp64\\www\\jisha\\Medon\\vendor\\laravel\\framework\\src\\Illuminate\\Container\\Container.php(653): Illuminate\\Container\\BoundMethod::call(Object(Illuminate\\Foundation\\Application), Array, Array, NULL)
#20 C:\\wamp64\\www\\jisha\\Medon\\vendor\\laravel\\framework\\src\\Illuminate\\Console\\Command.php(136): Illuminate\\Container\\Container->call(Array)
#21 C:\\wamp64\\www\\jisha\\Medon\\vendor\\symfony\\console\\Command\\Command.php(298): Illuminate\\Console\\Command->execute(Object(Symfony\\Component\\Console\\Input\\ArgvInput), Object(Illuminate\\Console\\OutputStyle))
#22 C:\\wamp64\\www\\jisha\\Medon\\vendor\\laravel\\framework\\src\\Illuminate\\Console\\Command.php(121): Symfony\\Component\\Console\\Command\\Command->run(Object(Symfony\\Component\\Console\\Input\\ArgvInput), Object(Illuminate\\Console\\OutputStyle))
#23 C:\\wamp64\\www\\jisha\\Medon\\vendor\\symfony\\console\\Application.php(1040): Illuminate\\Console\\Command->run(Object(Symfony\\Component\\Console\\Input\\ArgvInput), Object(Symfony\\Component\\Console\\Output\\ConsoleOutput))
#24 C:\\wamp64\\www\\jisha\\Medon\\vendor\\symfony\\console\\Application.php(301): Symfony\\Component\\Console\\Application->doRunCommand(Object(Illuminate\\Foundation\\Console\\RouteListCommand), Object(Symfony\\Component\\Console\\Input\\ArgvInput), Object(Symfony\\Component\\Console\\Output\\ConsoleOutput))
#25 C:\\wamp64\\www\\jisha\\Medon\\vendor\\symfony\\console\\Application.php(171): Symfony\\Component\\Console\\Application->doRun(Object(Symfony\\Component\\Console\\Input\\ArgvInput), Object(Symfony\\Component\\Console\\Output\\ConsoleOutput))
#26 C:\\wamp64\\www\\jisha\\Medon\\vendor\\laravel\\framework\\src\\Illuminate\\Console\\Application.php(94): Symfony\\Component\\Console\\Application->run(Object(Symfony\\Component\\Console\\Input\\ArgvInput), Object(Symfony\\Component\\Console\\Output\\ConsoleOutput))
#27 C:\\wamp64\\www\\jisha\\Medon\\vendor\\laravel\\framework\\src\\Illuminate\\Foundation\\Console\\Kernel.php(129): Illuminate\\Console\\Application->run(Object(Symfony\\Component\\Console\\Input\\ArgvInput), Object(Symfony\\Component\\Console\\Output\\ConsoleOutput))
#28 C:\\wamp64\\www\\jisha\\Medon\\artisan(37): Illuminate\\Foundation\\Console\\Kernel->handle(Object(Symfony\\Component\\Console\\Input\\ArgvInput), Object(Symfony\\Component\\Console\\Output\\ConsoleOutput))
#29 {main}

[previous exception] [object] (ReflectionException(code: -1): Class \"Api\\V2\\SearchSuggestionController\" does not exist at C:\\wamp64\\www\\jisha\\Medon\\vendor\\laravel\\framework\\src\\Illuminate\\Container\\Container.php:877)
[stacktrace]
#0 C:\\wamp64\\www\\jisha\\Medon\\vendor\\laravel\\framework\\src\\Illuminate\\Container\\Container.php(877): ReflectionClass->__construct('Api\\\\V2\\\\SearchSu...')
#1 C:\\wamp64\\www\\jisha\\Medon\\vendor\\laravel\\framework\\src\\Illuminate\\Container\\Container.php(758): Illuminate\\Container\\Container->build('Api\\\\V2\\\\SearchSu...')
#2 C:\\wamp64\\www\\jisha\\Medon\\vendor\\laravel\\framework\\src\\Illuminate\\Foundation\\Application.php(853): Illuminate\\Container\\Container->resolve('Api\\\\V2\\\\SearchSu...', Array, true)
#3 C:\\wamp64\\www\\jisha\\Medon\\vendor\\laravel\\framework\\src\\Illuminate\\Container\\Container.php(694): Illuminate\\Foundation\\Application->resolve('Api\\\\V2\\\\SearchSu...', Array)
#4 C:\\wamp64\\www\\jisha\\Medon\\vendor\\laravel\\framework\\src\\Illuminate\\Foundation\\Application.php(838): Illuminate\\Container\\Container->make('Api\\\\V2\\\\SearchSu...', Array)
#5 C:\\wamp64\\www\\jisha\\Medon\\vendor\\laravel\\framework\\src\\Illuminate\\Routing\\Route.php(276): Illuminate\\Foundation\\Application->make('Api\\\\V2\\\\SearchSu...')
#6 C:\\wamp64\\www\\jisha\\Medon\\vendor\\laravel\\framework\\src\\Illuminate\\Routing\\Route.php(1080): Illuminate\\Routing\\Route->getController()
#7 C:\\wamp64\\www\\jisha\\Medon\\vendor\\laravel\\framework\\src\\Illuminate\\Routing\\Route.php(1023): Illuminate\\Routing\\Route->controllerMiddleware()
#8 C:\\wamp64\\www\\jisha\\Medon\\vendor\\laravel\\framework\\src\\Illuminate\\Routing\\Router.php(734): Illuminate\\Routing\\Route->gatherMiddleware()
#9 C:\\wamp64\\www\\jisha\\Medon\\vendor\\laravel\\framework\\src\\Illuminate\\Foundation\\Console\\RouteListCommand.php(175): Illuminate\\Routing\\Router->gatherRouteMiddleware(Object(Illuminate\\Routing\\Route))
#10 C:\\wamp64\\www\\jisha\\Medon\\vendor\\laravel\\framework\\src\\Illuminate\\Foundation\\Console\\RouteListCommand.php(119): Illuminate\\Foundation\\Console\\RouteListCommand->getMiddleware(Object(Illuminate\\Routing\\Route))
#11 C:\\wamp64\\www\\jisha\\Medon\\vendor\\laravel\\framework\\src\\Illuminate\\Foundation\\Console\\RouteListCommand.php(91): Illuminate\\Foundation\\Console\\RouteListCommand->getRouteInformation(Object(Illuminate\\Routing\\Route))
#12 [internal function]: Illuminate\\Foundation\\Console\\RouteListCommand->Illuminate\\Foundation\\Console\\{closure}(Object(Illuminate\\Routing\\Route), 108)
#13 C:\\wamp64\\www\\jisha\\Medon\\vendor\\laravel\\framework\\src\\Illuminate\\Collections\\Collection.php(695): array_map(Object(Closure), Array, Array)
#14 C:\\wamp64\\www\\jisha\\Medon\\vendor\\laravel\\framework\\src\\Illuminate\\Foundation\\Console\\RouteListCommand.php(92): Illuminate\\Support\\Collection->map(Object(Closure))
#15 C:\\wamp64\\www\\jisha\\Medon\\vendor\\laravel\\framework\\src\\Illuminate\\Foundation\\Console\\RouteListCommand.php(76): Illuminate\\Foundation\\Console\\RouteListCommand->getRoutes()
#16 C:\\wamp64\\www\\jisha\\Medon\\vendor\\laravel\\framework\\src\\Illuminate\\Container\\BoundMethod.php(36): Illuminate\\Foundation\\Console\\RouteListCommand->handle()
#17 C:\\wamp64\\www\\jisha\\Medon\\vendor\\laravel\\framework\\src\\Illuminate\\Container\\Util.php(40): Illuminate\\Container\\BoundMethod::Illuminate\\Container\\{closure}()
#18 C:\\wamp64\\www\\jisha\\Medon\\vendor\\laravel\\framework\\src\\Illuminate\\Container\\BoundMethod.php(93): Illuminate\\Container\\Util::unwrapIfClosure(Object(Closure))
#19 C:\\wamp64\\www\\jisha\\Medon\\vendor\\laravel\\framework\\src\\Illuminate\\Container\\BoundMethod.php(37): Illuminate\\Container\\BoundMethod::callBoundMethod(Object(Illuminate\\Foundation\\Application), Array, Object(Closure))
#20 C:\\wamp64\\www\\jisha\\Medon\\vendor\\laravel\\framework\\src\\Illuminate\\Container\\Container.php(653): Illuminate\\Container\\BoundMethod::call(Object(Illuminate\\Foundation\\Application), Array, Array, NULL)
#21 C:\\wamp64\\www\\jisha\\Medon\\vendor\\laravel\\framework\\src\\Illuminate\\Console\\Command.php(136): Illuminate\\Container\\Container->call(Array)
#22 C:\\wamp64\\www\\jisha\\Medon\\vendor\\symfony\\console\\Command\\Command.php(298): Illuminate\\Console\\Command->execute(Object(Symfony\\Component\\Console\\Input\\ArgvInput), Object(Illuminate\\Console\\OutputStyle))
#23 C:\\wamp64\\www\\jisha\\Medon\\vendor\\laravel\\framework\\src\\Illuminate\\Console\\Command.php(121): Symfony\\Component\\Console\\Command\\Command->run(Object(Symfony\\Component\\Console\\Input\\ArgvInput), Object(Illuminate\\Console\\OutputStyle))
#24 C:\\wamp64\\www\\jisha\\Medon\\vendor\\symfony\\console\\Application.php(1040): Illuminate\\Console\\Command->run(Object(Symfony\\Component\\Console\\Input\\ArgvInput), Object(Symfony\\Component\\Console\\Output\\ConsoleOutput))
#25 C:\\wamp64\\www\\jisha\\Medon\\vendor\\symfony\\console\\Application.php(301): Symfony\\Component\\Console\\Application->doRunCommand(Object(Illuminate\\Foundation\\Console\\RouteListCommand), Object(Symfony\\Component\\Console\\Input\\ArgvInput), Object(Symfony\\Component\\Console\\Output\\ConsoleOutput))
#26 C:\\wamp64\\www\\jisha\\Medon\\vendor\\symfony\\console\\Application.php(171): Symfony\\Component\\Console\\Application->doRun(Object(Symfony\\Component\\Console\\Input\\ArgvInput), Object(Symfony\\Component\\Console\\Output\\ConsoleOutput))
#27 C:\\wamp64\\www\\jisha\\Medon\\vendor\\laravel\\framework\\src\\Illuminate\\Console\\Application.php(94): Symfony\\Component\\Console\\Application->run(Object(Symfony\\Component\\Console\\Input\\ArgvInput), Object(Symfony\\Component\\Console\\Output\\ConsoleOutput))
#28 C:\\wamp64\\www\\jisha\\Medon\\vendor\\laravel\\framework\\src\\Illuminate\\Foundation\\Console\\Kernel.php(129): Illuminate\\Console\\Application->run(Object(Symfony\\Component\\Console\\Input\\ArgvInput), Object(Symfony\\Component\\Console\\Output\\ConsoleOutput))
#29 C:\\wamp64\\www\\jisha\\Medon\\artisan(37): Illuminate\\Foundation\\Console\\Kernel->handle(Object(Symfony\\Component\\Console\\Input\\ArgvInput), Object(Symfony\\Component\\Console\\Output\\ConsoleOutput))
#30 {main}
"} 
[2025-03-05 10:35:13] local.ERROR: Could not check compatibility between App\Models\ProductsExport::styles(App\Models\Worksheet $sheet) and Maatwebsite\Excel\Concerns\WithStyles::styles(PhpOffice\PhpSpreadsheet\Worksheet\Worksheet $sheet), because class App\Models\Worksheet is not available {"exception":"[object] (Symfony\\Component\\ErrorHandler\\Error\\FatalError(code: 0): Could not check compatibility between App\\Models\\ProductsExport::styles(App\\Models\\Worksheet $sheet) and Maatwebsite\\Excel\\Concerns\\WithStyles::styles(PhpOffice\\PhpSpreadsheet\\Worksheet\\Worksheet $sheet), because class App\\Models\\Worksheet is not available at C:\\wamp64\\www\\jisha\\Medon\\app\\Models\\ProductsExport.php:44)
[stacktrace]
#0 C:\\wamp64\\www\\jisha\\Medon\\vendor\\laravel\\framework\\src\\Illuminate\\Foundation\\Bootstrap\\HandleExceptions.php(222): Symfony\\Component\\ErrorHandler\\Error\\FatalError->__construct(message: ''Could not chec...', code: '0', error: '['type' => 64, ...', traceOffset: '0', traceArgs: '???', trace: '???')
#1 C:\\wamp64\\www\\jisha\\Medon\\vendor\\laravel\\framework\\src\\Illuminate\\Foundation\\Bootstrap\\HandleExceptions.php(209): Illuminate\\Foundation\\Bootstrap\\HandleExceptions->fatalErrorFromPhpError(error: '['type' => 64, ...', traceOffset: '0')
#2 C:\\wamp64\\www\\jisha\\Medon\\vendor\\laravel\\framework\\src\\Illuminate\\Foundation\\Bootstrap\\HandleExceptions.php(0): Illuminate\\Foundation\\Bootstrap\\HandleExceptions->handleShutdown()
#3 Command line code(0): {main}()
#4 Command line code(0): {main}()
#5 {main}
"} 
[2025-03-05 10:35:21] local.ERROR: Could not check compatibility between App\Models\ProductsExport::styles(App\Models\Worksheet $sheet) and Maatwebsite\Excel\Concerns\WithStyles::styles(PhpOffice\PhpSpreadsheet\Worksheet\Worksheet $sheet), because class App\Models\Worksheet is not available {"exception":"[object] (Symfony\\Component\\ErrorHandler\\Error\\FatalError(code: 0): Could not check compatibility between App\\Models\\ProductsExport::styles(App\\Models\\Worksheet $sheet) and Maatwebsite\\Excel\\Concerns\\WithStyles::styles(PhpOffice\\PhpSpreadsheet\\Worksheet\\Worksheet $sheet), because class App\\Models\\Worksheet is not available at C:\\wamp64\\www\\jisha\\Medon\\app\\Models\\ProductsExport.php:44)
[stacktrace]
#0 C:\\wamp64\\www\\jisha\\Medon\\vendor\\laravel\\framework\\src\\Illuminate\\Foundation\\Bootstrap\\HandleExceptions.php(222): Symfony\\Component\\ErrorHandler\\Error\\FatalError->__construct(message: ''Could not chec...', code: '0', error: '['type' => 64, ...', traceOffset: '0', traceArgs: '???', trace: '???')
#1 C:\\wamp64\\www\\jisha\\Medon\\vendor\\laravel\\framework\\src\\Illuminate\\Foundation\\Bootstrap\\HandleExceptions.php(209): Illuminate\\Foundation\\Bootstrap\\HandleExceptions->fatalErrorFromPhpError(error: '['type' => 64, ...', traceOffset: '0')
#2 C:\\wamp64\\www\\jisha\\Medon\\vendor\\laravel\\framework\\src\\Illuminate\\Foundation\\Bootstrap\\HandleExceptions.php(0): Illuminate\\Foundation\\Bootstrap\\HandleExceptions->handleShutdown()
#3 C:\\wamp64\\www\\jisha\\Medon\\vendor\\composer\\ClassLoader.php(582): ()
#4 C:\\wamp64\\www\\jisha\\Medon\\vendor\\composer\\ClassLoader.php(433): Composer\\Autoload\\{closure:C:\\wamp64\\www\\jisha\\Medon\\vendor\\composer\\ClassLoader.php:581-583}(file: ''C:\\\\\\\\wamp64\\\\\\\\ww...')
#5 Command line code(1): Composer\\Autoload\\ClassLoader->loadClass(class: ''App\\\\\\\\Models\\\\\\\\P...')
#6 Command line code(1): class_exists(class: ''App\\\\\\\\Models\\\\\\\\P...')
#7 Command line code(1): {closure:Command line code:1-1}(class: ''App\\\\\\\\Models\\\\\\\\P...')
#8 Command line code(1): array_filter(array: '[0 => 'App\\\\\\\\Con...', callback: 'class Closure {...')
#9 Command line code(0): {main}()
#10 {main}
"} 
[2025-03-05 10:35:28] local.ERROR: Could not check compatibility between App\Models\ProductsExport::styles(App\Models\Worksheet $sheet) and Maatwebsite\Excel\Concerns\WithStyles::styles(PhpOffice\PhpSpreadsheet\Worksheet\Worksheet $sheet), because class App\Models\Worksheet is not available {"userId":9,"exception":"[object] (Symfony\\Component\\ErrorHandler\\Error\\FatalError(code: 0): Could not check compatibility between App\\Models\\ProductsExport::styles(App\\Models\\Worksheet $sheet) and Maatwebsite\\Excel\\Concerns\\WithStyles::styles(PhpOffice\\PhpSpreadsheet\\Worksheet\\Worksheet $sheet), because class App\\Models\\Worksheet is not available at C:\\wamp64\\www\\jisha\\Medon\\app\\Models\\ProductsExport.php:44)
[stacktrace]
#0 C:\\wamp64\\www\\jisha\\Medon\\vendor\\laravel\\framework\\src\\Illuminate\\Foundation\\Bootstrap\\HandleExceptions.php(222): Symfony\\Component\\ErrorHandler\\Error\\FatalError->__construct(message: ''Could not chec...', code: '0', error: '['type' => 64, ...', traceOffset: '0', traceArgs: '???', trace: '???')
#1 C:\\wamp64\\www\\jisha\\Medon\\vendor\\laravel\\framework\\src\\Illuminate\\Foundation\\Bootstrap\\HandleExceptions.php(209): Illuminate\\Foundation\\Bootstrap\\HandleExceptions->fatalErrorFromPhpError(error: '['type' => 64, ...', traceOffset: '0')
#2 C:\\wamp64\\www\\jisha\\Medon\\vendor\\laravel\\framework\\src\\Illuminate\\Foundation\\Bootstrap\\HandleExceptions.php(0): Illuminate\\Foundation\\Bootstrap\\HandleExceptions->handleShutdown()
#3 C:\\wamp64\\www\\jisha\\Medon\\vendor\\composer\\ClassLoader.php(582): ()
#4 C:\\wamp64\\www\\jisha\\Medon\\vendor\\composer\\ClassLoader.php(433): Composer\\Autoload\\{closure:C:\\wamp64\\www\\jisha\\Medon\\vendor\\composer\\ClassLoader.php:581-583}(file: ''C:\\\\\\\\wamp64\\\\\\\\ww...')
#5 C:\\wamp64\\www\\jisha\\Medon\\app\\Http\\Controllers\\ProductBulkUploadController.php(31): Composer\\Autoload\\ClassLoader->loadClass(class: ''App\\\\\\\\Models\\\\\\\\P...')
#6 C:\\wamp64\\www\\jisha\\Medon\\vendor\\laravel\\framework\\src\\Illuminate\\Routing\\Controller.php(54): App\\Http\\Controllers\\ProductBulkUploadController->export()
#7 C:\\wamp64\\www\\jisha\\Medon\\vendor\\laravel\\framework\\src\\Illuminate\\Routing\\ControllerDispatcher.php(45): App\\Http\\Controllers\\ProductBulkUploadController->callAction(method: ''export'', parameters: '[]')
#8 C:\\wamp64\\www\\jisha\\Medon\\vendor\\laravel\\framework\\src\\Illuminate\\Routing\\Route.php(262): Illuminate\\Routing\\ControllerDispatcher->dispatch(route: 'class Illuminat...', controller: 'class App\\\\Http\\\\...', method: ''export'')
#9 C:\\wamp64\\www\\jisha\\Medon\\vendor\\laravel\\framework\\src\\Illuminate\\Routing\\Route.php(205): Illuminate\\Routing\\Route->runController()
#10 C:\\wamp64\\www\\jisha\\Medon\\vendor\\laravel\\framework\\src\\Illuminate\\Routing\\Router.php(721): Illuminate\\Routing\\Route->run()
#11 C:\\wamp64\\www\\jisha\\Medon\\vendor\\laravel\\framework\\src\\Illuminate\\Pipeline\\Pipeline.php(128): Illuminate\\Routing\\Router->Illuminate\\Routing\\{closure:C:\\wamp64\\www\\jisha\\Medon\\vendor\\laravel\\framework\\src\\Illuminate\\Routing\\Router.php:719-723}(request: 'class Illuminat...')
#12 C:\\wamp64\\www\\jisha\\Medon\\app\\Http\\Middleware\\IsAdmin.php(20): Illuminate\\Routing\\Pipeline->Illuminate\\Pipeline\\{closure:C:\\wamp64\\www\\jisha\\Medon\\vendor\\laravel\\framework\\src\\Illuminate\\Pipeline\\Pipeline.php:126-132}(passable: 'class Illuminat...')
#13 C:\\wamp64\\www\\jisha\\Medon\\vendor\\laravel\\framework\\src\\Illuminate\\Pipeline\\Pipeline.php(167): App\\Http\\Middleware\\IsAdmin->handle(request: 'class Illuminat...', next: 'class Closure {...')
#14 C:\\wamp64\\www\\jisha\\Medon\\app\\Http\\Middleware\\CheckForMaintenanceMode.php(58): Illuminate\\Routing\\Pipeline->Illuminate\\Pipeline\\{closure:C:\\wamp64\\www\\jisha\\Medon\\vendor\\laravel\\framework\\src\\Illuminate\\Pipeline\\Pipeline.php:143-174}(passable: 'class Illuminat...')
#15 C:\\wamp64\\www\\jisha\\Medon\\vendor\\laravel\\framework\\src\\Illuminate\\Pipeline\\Pipeline.php(167): App\\Http\\Middleware\\CheckForMaintenanceMode->handle(request: 'class Illuminat...', next: 'class Closure {...')
#16 C:\\wamp64\\www\\jisha\\Medon\\vendor\\fruitcake\\laravel-cors\\src\\HandleCors.php(38): Illuminate\\Routing\\Pipeline->Illuminate\\Pipeline\\{closure:C:\\wamp64\\www\\jisha\\Medon\\vendor\\laravel\\framework\\src\\Illuminate\\Pipeline\\Pipeline.php:143-174}(passable: 'class Illuminat...')
#17 C:\\wamp64\\www\\jisha\\Medon\\vendor\\laravel\\framework\\src\\Illuminate\\Pipeline\\Pipeline.php(167): Fruitcake\\Cors\\HandleCors->handle(request: 'class Illuminat...', next: 'class Closure {...')
#18 C:\\wamp64\\www\\jisha\\Medon\\app\\Http\\Middleware\\HttpsProtocol.php(20): Illuminate\\Routing\\Pipeline->Illuminate\\Pipeline\\{closure:C:\\wamp64\\www\\jisha\\Medon\\vendor\\laravel\\framework\\src\\Illuminate\\Pipeline\\Pipeline.php:143-174}(passable: 'class Illuminat...')
#19 C:\\wamp64\\www\\jisha\\Medon\\vendor\\laravel\\framework\\src\\Illuminate\\Pipeline\\Pipeline.php(167): App\\Http\\Middleware\\HttpsProtocol->handle(request: 'class Illuminat...', next: 'class Closure {...')
#20 C:\\wamp64\\www\\jisha\\Medon\\app\\Http\\Middleware\\Language.php(31): Illuminate\\Routing\\Pipeline->Illuminate\\Pipeline\\{closure:C:\\wamp64\\www\\jisha\\Medon\\vendor\\laravel\\framework\\src\\Illuminate\\Pipeline\\Pipeline.php:143-174}(passable: 'class Illuminat...')
#21 C:\\wamp64\\www\\jisha\\Medon\\vendor\\laravel\\framework\\src\\Illuminate\\Pipeline\\Pipeline.php(167): App\\Http\\Middleware\\Language->handle(request: 'class Illuminat...', next: 'class Closure {...')
#22 C:\\wamp64\\www\\jisha\\Medon\\vendor\\laravel\\framework\\src\\Illuminate\\Routing\\Middleware\\SubstituteBindings.php(50): Illuminate\\Routing\\Pipeline->Illuminate\\Pipeline\\{closure:C:\\wamp64\\www\\jisha\\Medon\\vendor\\laravel\\framework\\src\\Illuminate\\Pipeline\\Pipeline.php:143-174}(passable: 'class Illuminat...')
#23 C:\\wamp64\\www\\jisha\\Medon\\vendor\\laravel\\framework\\src\\Illuminate\\Pipeline\\Pipeline.php(167): Illuminate\\Routing\\Middleware\\SubstituteBindings->handle(request: 'class Illuminat...', next: 'class Closure {...')
#24 C:\\wamp64\\www\\jisha\\Medon\\vendor\\laravel\\framework\\src\\Illuminate\\Auth\\Middleware\\Authenticate.php(44): Illuminate\\Routing\\Pipeline->Illuminate\\Pipeline\\{closure:C:\\wamp64\\www\\jisha\\Medon\\vendor\\laravel\\framework\\src\\Illuminate\\Pipeline\\Pipeline.php:143-174}(passable: 'class Illuminat...')
#25 C:\\wamp64\\www\\jisha\\Medon\\vendor\\laravel\\framework\\src\\Illuminate\\Pipeline\\Pipeline.php(167): App\\Http\\Middleware\\Authenticate->handle(request: 'class Illuminat...', next: 'class Closure {...')
#26 C:\\wamp64\\www\\jisha\\Medon\\vendor\\laravel\\framework\\src\\Illuminate\\Foundation\\Http\\Middleware\\VerifyCsrfToken.php(78): Illuminate\\Routing\\Pipeline->Illuminate\\Pipeline\\{closure:C:\\wamp64\\www\\jisha\\Medon\\vendor\\laravel\\framework\\src\\Illuminate\\Pipeline\\Pipeline.php:143-174}(passable: 'class Illuminat...')
#27 C:\\wamp64\\www\\jisha\\Medon\\vendor\\laravel\\framework\\src\\Illuminate\\Pipeline\\Pipeline.php(167): App\\Http\\Middleware\\VerifyCsrfToken->handle(request: 'class Illuminat...', next: 'class Closure {...')
#28 C:\\wamp64\\www\\jisha\\Medon\\vendor\\laravel\\framework\\src\\Illuminate\\View\\Middleware\\ShareErrorsFromSession.php(49): Illuminate\\Routing\\Pipeline->Illuminate\\Pipeline\\{closure:C:\\wamp64\\www\\jisha\\Medon\\vendor\\laravel\\framework\\src\\Illuminate\\Pipeline\\Pipeline.php:143-174}(passable: 'class Illuminat...')
#29 C:\\wamp64\\www\\jisha\\Medon\\vendor\\laravel\\framework\\src\\Illuminate\\Pipeline\\Pipeline.php(167): Illuminate\\View\\Middleware\\ShareErrorsFromSession->handle(request: 'class Illuminat...', next: 'class Closure {...')
#30 C:\\wamp64\\www\\jisha\\Medon\\vendor\\laravel\\framework\\src\\Illuminate\\Session\\Middleware\\StartSession.php(121): Illuminate\\Routing\\Pipeline->Illuminate\\Pipeline\\{closure:C:\\wamp64\\www\\jisha\\Medon\\vendor\\laravel\\framework\\src\\Illuminate\\Pipeline\\Pipeline.php:143-174}(passable: 'class Illuminat...')
#31 C:\\wamp64\\www\\jisha\\Medon\\vendor\\laravel\\framework\\src\\Illuminate\\Session\\Middleware\\StartSession.php(64): Illuminate\\Session\\Middleware\\StartSession->handleStatefulRequest(request: 'class Illuminat...', session: 'class Illuminat...', next: 'class Closure {...')
#32 C:\\wamp64\\www\\jisha\\Medon\\vendor\\laravel\\framework\\src\\Illuminate\\Pipeline\\Pipeline.php(167): Illuminate\\Session\\Middleware\\StartSession->handle(request: 'class Illuminat...', next: 'class Closure {...')
#33 C:\\wamp64\\www\\jisha\\Medon\\vendor\\laravel\\framework\\src\\Illuminate\\Cookie\\Middleware\\AddQueuedCookiesToResponse.php(37): Illuminate\\Routing\\Pipeline->Illuminate\\Pipeline\\{closure:C:\\wamp64\\www\\jisha\\Medon\\vendor\\laravel\\framework\\src\\Illuminate\\Pipeline\\Pipeline.php:143-174}(passable: 'class Illuminat...')
#34 C:\\wamp64\\www\\jisha\\Medon\\vendor\\laravel\\framework\\src\\Illuminate\\Pipeline\\Pipeline.php(167): Illuminate\\Cookie\\Middleware\\AddQueuedCookiesToResponse->handle(request: 'class Illuminat...', next: 'class Closure {...')
#35 C:\\wamp64\\www\\jisha\\Medon\\vendor\\laravel\\framework\\src\\Illuminate\\Pipeline\\Pipeline.php(103): Illuminate\\Routing\\Pipeline->Illuminate\\Pipeline\\{closure:C:\\wamp64\\www\\jisha\\Medon\\vendor\\laravel\\framework\\src\\Illuminate\\Pipeline\\Pipeline.php:143-174}(passable: 'class Illuminat...')
#36 C:\\wamp64\\www\\jisha\\Medon\\vendor\\laravel\\framework\\src\\Illuminate\\Routing\\Router.php(723): Illuminate\\Routing\\Pipeline->then(destination: 'class Closure {...')
#37 C:\\wamp64\\www\\jisha\\Medon\\vendor\\laravel\\framework\\src\\Illuminate\\Routing\\Router.php(698): Illuminate\\Routing\\Router->runRouteWithinStack(route: 'class Illuminat...', request: 'class Illuminat...')
#38 C:\\wamp64\\www\\jisha\\Medon\\vendor\\laravel\\framework\\src\\Illuminate\\Routing\\Router.php(662): Illuminate\\Routing\\Router->runRoute(request: 'class Illuminat...', route: 'class Illuminat...')
#39 C:\\wamp64\\www\\jisha\\Medon\\vendor\\laravel\\framework\\src\\Illuminate\\Routing\\Router.php(651): Illuminate\\Routing\\Router->dispatchToRoute(request: 'class Illuminat...')
#40 C:\\wamp64\\www\\jisha\\Medon\\vendor\\laravel\\framework\\src\\Illuminate\\Foundation\\Http\\Kernel.php(167): Illuminate\\Routing\\Router->dispatch(request: 'class Illuminat...')
#41 C:\\wamp64\\www\\jisha\\Medon\\vendor\\laravel\\framework\\src\\Illuminate\\Pipeline\\Pipeline.php(128): App\\Http\\Kernel->Illuminate\\Foundation\\Http\\{closure:C:\\wamp64\\www\\jisha\\Medon\\vendor\\laravel\\framework\\src\\Illuminate\\Foundation\\Http\\Kernel.php:164-168}(request: 'class Illuminat...')
#42 C:\\wamp64\\www\\jisha\\Medon\\vendor\\livewire\\livewire\\src\\DisableBrowserCache.php(19): Illuminate\\Routing\\Pipeline->Illuminate\\Pipeline\\{closure:C:\\wamp64\\www\\jisha\\Medon\\vendor\\laravel\\framework\\src\\Illuminate\\Pipeline\\Pipeline.php:126-132}(passable: 'class Illuminat...')
#43 C:\\wamp64\\www\\jisha\\Medon\\vendor\\laravel\\framework\\src\\Illuminate\\Pipeline\\Pipeline.php(167): Livewire\\DisableBrowserCache->handle(request: 'class Illuminat...', next: 'class Closure {...')
#44 C:\\wamp64\\www\\jisha\\Medon\\vendor\\barryvdh\\laravel-debugbar\\src\\Middleware\\InjectDebugbar.php(66): Illuminate\\Routing\\Pipeline->Illuminate\\Pipeline\\{closure:C:\\wamp64\\www\\jisha\\Medon\\vendor\\laravel\\framework\\src\\Illuminate\\Pipeline\\Pipeline.php:143-174}(passable: 'class Illuminat...')
#45 C:\\wamp64\\www\\jisha\\Medon\\vendor\\laravel\\framework\\src\\Illuminate\\Pipeline\\Pipeline.php(167): Barryvdh\\Debugbar\\Middleware\\InjectDebugbar->handle(request: 'class Illuminat...', next: 'class Closure {...')
#46 C:\\wamp64\\www\\jisha\\Medon\\vendor\\fideloper\\proxy\\src\\TrustProxies.php(57): Illuminate\\Routing\\Pipeline->Illuminate\\Pipeline\\{closure:C:\\wamp64\\www\\jisha\\Medon\\vendor\\laravel\\framework\\src\\Illuminate\\Pipeline\\Pipeline.php:143-174}(passable: 'class Illuminat...')
#47 C:\\wamp64\\www\\jisha\\Medon\\vendor\\laravel\\framework\\src\\Illuminate\\Pipeline\\Pipeline.php(167): App\\Http\\Middleware\\TrustProxies->handle(request: 'class Illuminat...', next: 'class Closure {...')
#48 C:\\wamp64\\www\\jisha\\Medon\\vendor\\laravel\\framework\\src\\Illuminate\\Foundation\\Http\\Middleware\\TransformsRequest.php(21): Illuminate\\Routing\\Pipeline->Illuminate\\Pipeline\\{closure:C:\\wamp64\\www\\jisha\\Medon\\vendor\\laravel\\framework\\src\\Illuminate\\Pipeline\\Pipeline.php:143-174}(passable: 'class Illuminat...')
#49 C:\\wamp64\\www\\jisha\\Medon\\vendor\\laravel\\framework\\src\\Illuminate\\Foundation\\Http\\Middleware\\ConvertEmptyStringsToNull.php(31): Illuminate\\Foundation\\Http\\Middleware\\ConvertEmptyStringsToNull->handle(request: 'class Illuminat...', next: 'class Closure {...')
#50 C:\\wamp64\\www\\jisha\\Medon\\vendor\\laravel\\framework\\src\\Illuminate\\Pipeline\\Pipeline.php(167): Illuminate\\Foundation\\Http\\Middleware\\ConvertEmptyStringsToNull->handle(request: 'class Illuminat...', next: 'class Closure {...')
#51 C:\\wamp64\\www\\jisha\\Medon\\vendor\\laravel\\framework\\src\\Illuminate\\Foundation\\Http\\Middleware\\TransformsRequest.php(21): Illuminate\\Routing\\Pipeline->Illuminate\\Pipeline\\{closure:C:\\wamp64\\www\\jisha\\Medon\\vendor\\laravel\\framework\\src\\Illuminate\\Pipeline\\Pipeline.php:143-174}(passable: 'class Illuminat...')
#52 C:\\wamp64\\www\\jisha\\Medon\\vendor\\laravel\\framework\\src\\Illuminate\\Foundation\\Http\\Middleware\\TrimStrings.php(40): App\\Http\\Middleware\\TrimStrings->handle(request: 'class Illuminat...', next: 'class Closure {...')
#53 C:\\wamp64\\www\\jisha\\Medon\\vendor\\laravel\\framework\\src\\Illuminate\\Pipeline\\Pipeline.php(167): App\\Http\\Middleware\\TrimStrings->handle(request: 'class Illuminat...', next: 'class Closure {...')
#54 C:\\wamp64\\www\\jisha\\Medon\\vendor\\laravel\\framework\\src\\Illuminate\\Foundation\\Http\\Middleware\\ValidatePostSize.php(27): Illuminate\\Routing\\Pipeline->Illuminate\\Pipeline\\{closure:C:\\wamp64\\www\\jisha\\Medon\\vendor\\laravel\\framework\\src\\Illuminate\\Pipeline\\Pipeline.php:143-174}(passable: 'class Illuminat...')
#55 C:\\wamp64\\www\\jisha\\Medon\\vendor\\laravel\\framework\\src\\Illuminate\\Pipeline\\Pipeline.php(167): Illuminate\\Foundation\\Http\\Middleware\\ValidatePostSize->handle(request: 'class Illuminat...', next: 'class Closure {...')
#56 C:\\wamp64\\www\\jisha\\Medon\\vendor\\fruitcake\\laravel-cors\\src\\HandleCors.php(38): Illuminate\\Routing\\Pipeline->Illuminate\\Pipeline\\{closure:C:\\wamp64\\www\\jisha\\Medon\\vendor\\laravel\\framework\\src\\Illuminate\\Pipeline\\Pipeline.php:143-174}(passable: 'class Illuminat...')
#57 C:\\wamp64\\www\\jisha\\Medon\\vendor\\laravel\\framework\\src\\Illuminate\\Pipeline\\Pipeline.php(167): Fruitcake\\Cors\\HandleCors->handle(request: 'class Illuminat...', next: 'class Closure {...')
#58 C:\\wamp64\\www\\jisha\\Medon\\vendor\\laravel\\framework\\src\\Illuminate\\Pipeline\\Pipeline.php(103): Illuminate\\Routing\\Pipeline->Illuminate\\Pipeline\\{closure:C:\\wamp64\\www\\jisha\\Medon\\vendor\\laravel\\framework\\src\\Illuminate\\Pipeline\\Pipeline.php:143-174}(passable: 'class Illuminat...')
#59 C:\\wamp64\\www\\jisha\\Medon\\vendor\\laravel\\framework\\src\\Illuminate\\Foundation\\Http\\Kernel.php(142): Illuminate\\Routing\\Pipeline->then(destination: 'class Closure {...')
#60 C:\\wamp64\\www\\jisha\\Medon\\vendor\\laravel\\framework\\src\\Illuminate\\Foundation\\Http\\Kernel.php(111): App\\Http\\Kernel->sendRequestThroughRouter(request: 'class Illuminat...')
#61 C:\\wamp64\\www\\jisha\\Medon\\public\\index.php(52): App\\Http\\Kernel->handle(request: 'class Illuminat...')
#62 C:\\wamp64\\www\\jisha\\Medon\\server.php(21): ()
#63 C:\\wamp64\\www\\jisha\\Medon\\server.php(0): {main}()
#64 {main}
"} 
[2025-03-05 11:51:26] local.ERROR: Target class [Api\V2\SearchSuggestionController] does not exist. {"exception":"[object] (Illuminate\\Contracts\\Container\\BindingResolutionException(code: 0): Target class [Api\\V2\\SearchSuggestionController] does not exist. at C:\\wamp64\\www\\jisha\\Medon\\vendor\\laravel\\framework\\src\\Illuminate\\Container\\Container.php:879)
[stacktrace]
#0 C:\\wamp64\\www\\jisha\\Medon\\vendor\\laravel\\framework\\src\\Illuminate\\Container\\Container.php(758): Illuminate\\Container\\Container->build('Api\\\\V2\\\\SearchSu...')
#1 C:\\wamp64\\www\\jisha\\Medon\\vendor\\laravel\\framework\\src\\Illuminate\\Foundation\\Application.php(853): Illuminate\\Container\\Container->resolve('Api\\\\V2\\\\SearchSu...', Array, true)
#2 C:\\wamp64\\www\\jisha\\Medon\\vendor\\laravel\\framework\\src\\Illuminate\\Container\\Container.php(694): Illuminate\\Foundation\\Application->resolve('Api\\\\V2\\\\SearchSu...', Array)
#3 C:\\wamp64\\www\\jisha\\Medon\\vendor\\laravel\\framework\\src\\Illuminate\\Foundation\\Application.php(838): Illuminate\\Container\\Container->make('Api\\\\V2\\\\SearchSu...', Array)
#4 C:\\wamp64\\www\\jisha\\Medon\\vendor\\laravel\\framework\\src\\Illuminate\\Routing\\Route.php(276): Illuminate\\Foundation\\Application->make('Api\\\\V2\\\\SearchSu...')
#5 C:\\wamp64\\www\\jisha\\Medon\\vendor\\laravel\\framework\\src\\Illuminate\\Routing\\Route.php(1080): Illuminate\\Routing\\Route->getController()
#6 C:\\wamp64\\www\\jisha\\Medon\\vendor\\laravel\\framework\\src\\Illuminate\\Routing\\Route.php(1023): Illuminate\\Routing\\Route->controllerMiddleware()
#7 C:\\wamp64\\www\\jisha\\Medon\\vendor\\laravel\\framework\\src\\Illuminate\\Routing\\Router.php(734): Illuminate\\Routing\\Route->gatherMiddleware()
#8 C:\\wamp64\\www\\jisha\\Medon\\vendor\\laravel\\framework\\src\\Illuminate\\Foundation\\Console\\RouteListCommand.php(175): Illuminate\\Routing\\Router->gatherRouteMiddleware(Object(Illuminate\\Routing\\Route))
#9 C:\\wamp64\\www\\jisha\\Medon\\vendor\\laravel\\framework\\src\\Illuminate\\Foundation\\Console\\RouteListCommand.php(119): Illuminate\\Foundation\\Console\\RouteListCommand->getMiddleware(Object(Illuminate\\Routing\\Route))
#10 C:\\wamp64\\www\\jisha\\Medon\\vendor\\laravel\\framework\\src\\Illuminate\\Foundation\\Console\\RouteListCommand.php(91): Illuminate\\Foundation\\Console\\RouteListCommand->getRouteInformation(Object(Illuminate\\Routing\\Route))
#11 [internal function]: Illuminate\\Foundation\\Console\\RouteListCommand->Illuminate\\Foundation\\Console\\{closure}(Object(Illuminate\\Routing\\Route), 108)
#12 C:\\wamp64\\www\\jisha\\Medon\\vendor\\laravel\\framework\\src\\Illuminate\\Collections\\Collection.php(695): array_map(Object(Closure), Array, Array)
#13 C:\\wamp64\\www\\jisha\\Medon\\vendor\\laravel\\framework\\src\\Illuminate\\Foundation\\Console\\RouteListCommand.php(92): Illuminate\\Support\\Collection->map(Object(Closure))
#14 C:\\wamp64\\www\\jisha\\Medon\\vendor\\laravel\\framework\\src\\Illuminate\\Foundation\\Console\\RouteListCommand.php(76): Illuminate\\Foundation\\Console\\RouteListCommand->getRoutes()
#15 C:\\wamp64\\www\\jisha\\Medon\\vendor\\laravel\\framework\\src\\Illuminate\\Container\\BoundMethod.php(36): Illuminate\\Foundation\\Console\\RouteListCommand->handle()
#16 C:\\wamp64\\www\\jisha\\Medon\\vendor\\laravel\\framework\\src\\Illuminate\\Container\\Util.php(40): Illuminate\\Container\\BoundMethod::Illuminate\\Container\\{closure}()
#17 C:\\wamp64\\www\\jisha\\Medon\\vendor\\laravel\\framework\\src\\Illuminate\\Container\\BoundMethod.php(93): Illuminate\\Container\\Util::unwrapIfClosure(Object(Closure))
#18 C:\\wamp64\\www\\jisha\\Medon\\vendor\\laravel\\framework\\src\\Illuminate\\Container\\BoundMethod.php(37): Illuminate\\Container\\BoundMethod::callBoundMethod(Object(Illuminate\\Foundation\\Application), Array, Object(Closure))
#19 C:\\wamp64\\www\\jisha\\Medon\\vendor\\laravel\\framework\\src\\Illuminate\\Container\\Container.php(653): Illuminate\\Container\\BoundMethod::call(Object(Illuminate\\Foundation\\Application), Array, Array, NULL)
#20 C:\\wamp64\\www\\jisha\\Medon\\vendor\\laravel\\framework\\src\\Illuminate\\Console\\Command.php(136): Illuminate\\Container\\Container->call(Array)
#21 C:\\wamp64\\www\\jisha\\Medon\\vendor\\symfony\\console\\Command\\Command.php(298): Illuminate\\Console\\Command->execute(Object(Symfony\\Component\\Console\\Input\\ArgvInput), Object(Illuminate\\Console\\OutputStyle))
#22 C:\\wamp64\\www\\jisha\\Medon\\vendor\\laravel\\framework\\src\\Illuminate\\Console\\Command.php(121): Symfony\\Component\\Console\\Command\\Command->run(Object(Symfony\\Component\\Console\\Input\\ArgvInput), Object(Illuminate\\Console\\OutputStyle))
#23 C:\\wamp64\\www\\jisha\\Medon\\vendor\\symfony\\console\\Application.php(1040): Illuminate\\Console\\Command->run(Object(Symfony\\Component\\Console\\Input\\ArgvInput), Object(Symfony\\Component\\Console\\Output\\ConsoleOutput))
#24 C:\\wamp64\\www\\jisha\\Medon\\vendor\\symfony\\console\\Application.php(301): Symfony\\Component\\Console\\Application->doRunCommand(Object(Illuminate\\Foundation\\Console\\RouteListCommand), Object(Symfony\\Component\\Console\\Input\\ArgvInput), Object(Symfony\\Component\\Console\\Output\\ConsoleOutput))
#25 C:\\wamp64\\www\\jisha\\Medon\\vendor\\symfony\\console\\Application.php(171): Symfony\\Component\\Console\\Application->doRun(Object(Symfony\\Component\\Console\\Input\\ArgvInput), Object(Symfony\\Component\\Console\\Output\\ConsoleOutput))
#26 C:\\wamp64\\www\\jisha\\Medon\\vendor\\laravel\\framework\\src\\Illuminate\\Console\\Application.php(94): Symfony\\Component\\Console\\Application->run(Object(Symfony\\Component\\Console\\Input\\ArgvInput), Object(Symfony\\Component\\Console\\Output\\ConsoleOutput))
#27 C:\\wamp64\\www\\jisha\\Medon\\vendor\\laravel\\framework\\src\\Illuminate\\Foundation\\Console\\Kernel.php(129): Illuminate\\Console\\Application->run(Object(Symfony\\Component\\Console\\Input\\ArgvInput), Object(Symfony\\Component\\Console\\Output\\ConsoleOutput))
#28 C:\\wamp64\\www\\jisha\\Medon\\artisan(37): Illuminate\\Foundation\\Console\\Kernel->handle(Object(Symfony\\Component\\Console\\Input\\ArgvInput), Object(Symfony\\Component\\Console\\Output\\ConsoleOutput))
#29 {main}

[previous exception] [object] (ReflectionException(code: -1): Class \"Api\\V2\\SearchSuggestionController\" does not exist at C:\\wamp64\\www\\jisha\\Medon\\vendor\\laravel\\framework\\src\\Illuminate\\Container\\Container.php:877)
[stacktrace]
#0 C:\\wamp64\\www\\jisha\\Medon\\vendor\\laravel\\framework\\src\\Illuminate\\Container\\Container.php(877): ReflectionClass->__construct('Api\\\\V2\\\\SearchSu...')
#1 C:\\wamp64\\www\\jisha\\Medon\\vendor\\laravel\\framework\\src\\Illuminate\\Container\\Container.php(758): Illuminate\\Container\\Container->build('Api\\\\V2\\\\SearchSu...')
#2 C:\\wamp64\\www\\jisha\\Medon\\vendor\\laravel\\framework\\src\\Illuminate\\Foundation\\Application.php(853): Illuminate\\Container\\Container->resolve('Api\\\\V2\\\\SearchSu...', Array, true)
#3 C:\\wamp64\\www\\jisha\\Medon\\vendor\\laravel\\framework\\src\\Illuminate\\Container\\Container.php(694): Illuminate\\Foundation\\Application->resolve('Api\\\\V2\\\\SearchSu...', Array)
#4 C:\\wamp64\\www\\jisha\\Medon\\vendor\\laravel\\framework\\src\\Illuminate\\Foundation\\Application.php(838): Illuminate\\Container\\Container->make('Api\\\\V2\\\\SearchSu...', Array)
#5 C:\\wamp64\\www\\jisha\\Medon\\vendor\\laravel\\framework\\src\\Illuminate\\Routing\\Route.php(276): Illuminate\\Foundation\\Application->make('Api\\\\V2\\\\SearchSu...')
#6 C:\\wamp64\\www\\jisha\\Medon\\vendor\\laravel\\framework\\src\\Illuminate\\Routing\\Route.php(1080): Illuminate\\Routing\\Route->getController()
#7 C:\\wamp64\\www\\jisha\\Medon\\vendor\\laravel\\framework\\src\\Illuminate\\Routing\\Route.php(1023): Illuminate\\Routing\\Route->controllerMiddleware()
#8 C:\\wamp64\\www\\jisha\\Medon\\vendor\\laravel\\framework\\src\\Illuminate\\Routing\\Router.php(734): Illuminate\\Routing\\Route->gatherMiddleware()
#9 C:\\wamp64\\www\\jisha\\Medon\\vendor\\laravel\\framework\\src\\Illuminate\\Foundation\\Console\\RouteListCommand.php(175): Illuminate\\Routing\\Router->gatherRouteMiddleware(Object(Illuminate\\Routing\\Route))
#10 C:\\wamp64\\www\\jisha\\Medon\\vendor\\laravel\\framework\\src\\Illuminate\\Foundation\\Console\\RouteListCommand.php(119): Illuminate\\Foundation\\Console\\RouteListCommand->getMiddleware(Object(Illuminate\\Routing\\Route))
#11 C:\\wamp64\\www\\jisha\\Medon\\vendor\\laravel\\framework\\src\\Illuminate\\Foundation\\Console\\RouteListCommand.php(91): Illuminate\\Foundation\\Console\\RouteListCommand->getRouteInformation(Object(Illuminate\\Routing\\Route))
#12 [internal function]: Illuminate\\Foundation\\Console\\RouteListCommand->Illuminate\\Foundation\\Console\\{closure}(Object(Illuminate\\Routing\\Route), 108)
#13 C:\\wamp64\\www\\jisha\\Medon\\vendor\\laravel\\framework\\src\\Illuminate\\Collections\\Collection.php(695): array_map(Object(Closure), Array, Array)
#14 C:\\wamp64\\www\\jisha\\Medon\\vendor\\laravel\\framework\\src\\Illuminate\\Foundation\\Console\\RouteListCommand.php(92): Illuminate\\Support\\Collection->map(Object(Closure))
#15 C:\\wamp64\\www\\jisha\\Medon\\vendor\\laravel\\framework\\src\\Illuminate\\Foundation\\Console\\RouteListCommand.php(76): Illuminate\\Foundation\\Console\\RouteListCommand->getRoutes()
#16 C:\\wamp64\\www\\jisha\\Medon\\vendor\\laravel\\framework\\src\\Illuminate\\Container\\BoundMethod.php(36): Illuminate\\Foundation\\Console\\RouteListCommand->handle()
#17 C:\\wamp64\\www\\jisha\\Medon\\vendor\\laravel\\framework\\src\\Illuminate\\Container\\Util.php(40): Illuminate\\Container\\BoundMethod::Illuminate\\Container\\{closure}()
#18 C:\\wamp64\\www\\jisha\\Medon\\vendor\\laravel\\framework\\src\\Illuminate\\Container\\BoundMethod.php(93): Illuminate\\Container\\Util::unwrapIfClosure(Object(Closure))
#19 C:\\wamp64\\www\\jisha\\Medon\\vendor\\laravel\\framework\\src\\Illuminate\\Container\\BoundMethod.php(37): Illuminate\\Container\\BoundMethod::callBoundMethod(Object(Illuminate\\Foundation\\Application), Array, Object(Closure))
#20 C:\\wamp64\\www\\jisha\\Medon\\vendor\\laravel\\framework\\src\\Illuminate\\Container\\Container.php(653): Illuminate\\Container\\BoundMethod::call(Object(Illuminate\\Foundation\\Application), Array, Array, NULL)
#21 C:\\wamp64\\www\\jisha\\Medon\\vendor\\laravel\\framework\\src\\Illuminate\\Console\\Command.php(136): Illuminate\\Container\\Container->call(Array)
#22 C:\\wamp64\\www\\jisha\\Medon\\vendor\\symfony\\console\\Command\\Command.php(298): Illuminate\\Console\\Command->execute(Object(Symfony\\Component\\Console\\Input\\ArgvInput), Object(Illuminate\\Console\\OutputStyle))
#23 C:\\wamp64\\www\\jisha\\Medon\\vendor\\laravel\\framework\\src\\Illuminate\\Console\\Command.php(121): Symfony\\Component\\Console\\Command\\Command->run(Object(Symfony\\Component\\Console\\Input\\ArgvInput), Object(Illuminate\\Console\\OutputStyle))
#24 C:\\wamp64\\www\\jisha\\Medon\\vendor\\symfony\\console\\Application.php(1040): Illuminate\\Console\\Command->run(Object(Symfony\\Component\\Console\\Input\\ArgvInput), Object(Symfony\\Component\\Console\\Output\\ConsoleOutput))
#25 C:\\wamp64\\www\\jisha\\Medon\\vendor\\symfony\\console\\Application.php(301): Symfony\\Component\\Console\\Application->doRunCommand(Object(Illuminate\\Foundation\\Console\\RouteListCommand), Object(Symfony\\Component\\Console\\Input\\ArgvInput), Object(Symfony\\Component\\Console\\Output\\ConsoleOutput))
#26 C:\\wamp64\\www\\jisha\\Medon\\vendor\\symfony\\console\\Application.php(171): Symfony\\Component\\Console\\Application->doRun(Object(Symfony\\Component\\Console\\Input\\ArgvInput), Object(Symfony\\Component\\Console\\Output\\ConsoleOutput))
#27 C:\\wamp64\\www\\jisha\\Medon\\vendor\\laravel\\framework\\src\\Illuminate\\Console\\Application.php(94): Symfony\\Component\\Console\\Application->run(Object(Symfony\\Component\\Console\\Input\\ArgvInput), Object(Symfony\\Component\\Console\\Output\\ConsoleOutput))
#28 C:\\wamp64\\www\\jisha\\Medon\\vendor\\laravel\\framework\\src\\Illuminate\\Foundation\\Console\\Kernel.php(129): Illuminate\\Console\\Application->run(Object(Symfony\\Component\\Console\\Input\\ArgvInput), Object(Symfony\\Component\\Console\\Output\\ConsoleOutput))
#29 C:\\wamp64\\www\\jisha\\Medon\\artisan(37): Illuminate\\Foundation\\Console\\Kernel->handle(Object(Symfony\\Component\\Console\\Input\\ArgvInput), Object(Symfony\\Component\\Console\\Output\\ConsoleOutput))
#30 {main}
"} 
[2025-03-05 14:00:31] local.ERROR: Failed to authenticate on SMTP server with username "jishap.tomsher@gmail.com" using 3 possible authenticators. Authenticator LOGIN returned Expected response code 235 but got code "534", with message "534-5.7.9 Please log in with your web browser and then try again. For more
534-5.7.9 information, go to
534 5.7.9  https://support.google.com/mail/?p=WebLoginRequired ffacd0b85a97d-390e4796084sm20830336f8f.19 - gsmtp
". Authenticator PLAIN returned Expected response code 235 but got code "534", with message "534-5.7.9 Please log in with your web browser and then try again. For more
534-5.7.9 information, go to
534 5.7.9  https://support.google.com/mail/?p=WebLoginRequired ffacd0b85a97d-390e4796084sm20830336f8f.19 - gsmtp
". Authenticator XOAUTH2 returned Expected response code 250 but got code "535", with message "535-5.7.8 Username and Password not accepted. For more information, go to
535 5.7.8  https://support.google.com/mail/?p=BadCredentials ffacd0b85a97d-390e4796084sm20830336f8f.19 - gsmtp
". {"exception":"[object] (Swift_TransportException(code: 0): Failed to authenticate on SMTP server with username \"jishap.tomsher@gmail.com\" using 3 possible authenticators. Authenticator LOGIN returned Expected response code 235 but got code \"534\", with message \"534-5.7.9 Please log in with your web browser and then try again. For more

534-5.7.9 information, go to

534 5.7.9  https://support.google.com/mail/?p=WebLoginRequired ffacd0b85a97d-390e4796084sm20830336f8f.19 - gsmtp

\". Authenticator PLAIN returned Expected response code 235 but got code \"534\", with message \"534-5.7.9 Please log in with your web browser and then try again. For more

534-5.7.9 information, go to

534 5.7.9  https://support.google.com/mail/?p=WebLoginRequired ffacd0b85a97d-390e4796084sm20830336f8f.19 - gsmtp

\". Authenticator XOAUTH2 returned Expected response code 250 but got code \"535\", with message \"535-5.7.8 Username and Password not accepted. For more information, go to

535 5.7.8  https://support.google.com/mail/?p=BadCredentials ffacd0b85a97d-390e4796084sm20830336f8f.19 - gsmtp

\". at C:\\wamp64\\www\\jisha\\Medon\\vendor\\swiftmailer\\swiftmailer\\lib\\classes\\Swift\\Transport\\Esmtp\\AuthHandler.php:191)
[stacktrace]
#0 C:\\wamp64\\www\\jisha\\Medon\\vendor\\swiftmailer\\swiftmailer\\lib\\classes\\Swift\\Transport\\EsmtpTransport.php(371): Swift_Transport_Esmtp_AuthHandler->afterEhlo(Object(Swift_SmtpTransport))
#1 C:\\wamp64\\www\\jisha\\Medon\\vendor\\swiftmailer\\swiftmailer\\lib\\classes\\Swift\\Transport\\AbstractSmtpTransport.php(148): Swift_Transport_EsmtpTransport->doHeloCommand()
#2 C:\\wamp64\\www\\jisha\\Medon\\vendor\\swiftmailer\\swiftmailer\\lib\\classes\\Swift\\Mailer.php(65): Swift_Transport_AbstractSmtpTransport->start()
#3 C:\\wamp64\\www\\jisha\\Medon\\vendor\\laravel\\framework\\src\\Illuminate\\Mail\\Mailer.php(521): Swift_Mailer->send(Object(Swift_Message), Array)
#4 C:\\wamp64\\www\\jisha\\Medon\\vendor\\laravel\\framework\\src\\Illuminate\\Mail\\Mailer.php(288): Illuminate\\Mail\\Mailer->sendSwiftMessage(Object(Swift_Message))
#5 C:\\wamp64\\www\\jisha\\Medon\\vendor\\laravel\\framework\\src\\Illuminate\\Mail\\Mailable.php(187): Illuminate\\Mail\\Mailer->send('emails.mail', Array, Object(Closure))
#6 C:\\wamp64\\www\\jisha\\Medon\\vendor\\laravel\\framework\\src\\Illuminate\\Support\\Traits\\Localizable.php(19): Illuminate\\Mail\\Mailable->Illuminate\\Mail\\{closure}()
#7 C:\\wamp64\\www\\jisha\\Medon\\vendor\\laravel\\framework\\src\\Illuminate\\Mail\\Mailable.php(188): Illuminate\\Mail\\Mailable->withLocale(NULL, Object(Closure))
#8 C:\\wamp64\\www\\jisha\\Medon\\vendor\\laravel\\framework\\src\\Illuminate\\Mail\\Mailer.php(304): Illuminate\\Mail\\Mailable->send(Object(Illuminate\\Mail\\Mailer))
#9 C:\\wamp64\\www\\jisha\\Medon\\vendor\\laravel\\framework\\src\\Illuminate\\Mail\\Mailer.php(258): Illuminate\\Mail\\Mailer->sendMailable(Object(App\\Mail\\SendMail))
#10 C:\\wamp64\\www\\jisha\\Medon\\vendor\\laravel\\framework\\src\\Illuminate\\Mail\\PendingMail.php(124): Illuminate\\Mail\\Mailer->send(Object(App\\Mail\\SendMail))
#11 C:\\wamp64\\www\\jisha\\Medon\\app\\Http\\Controllers\\Api\\V2\\AuthController.php(98): Illuminate\\Mail\\PendingMail->send(Object(App\\Mail\\SendMail))
#12 C:\\wamp64\\www\\jisha\\Medon\\vendor\\laravel\\framework\\src\\Illuminate\\Routing\\Controller.php(54): App\\Http\\Controllers\\Api\\V2\\AuthController->signup(Object(Illuminate\\Http\\Request))
#13 C:\\wamp64\\www\\jisha\\Medon\\vendor\\laravel\\framework\\src\\Illuminate\\Routing\\ControllerDispatcher.php(45): Illuminate\\Routing\\Controller->callAction('signup', Array)
#14 C:\\wamp64\\www\\jisha\\Medon\\vendor\\laravel\\framework\\src\\Illuminate\\Routing\\Route.php(262): Illuminate\\Routing\\ControllerDispatcher->dispatch(Object(Illuminate\\Routing\\Route), Object(App\\Http\\Controllers\\Api\\V2\\AuthController), 'signup')
#15 C:\\wamp64\\www\\jisha\\Medon\\vendor\\laravel\\framework\\src\\Illuminate\\Routing\\Route.php(205): Illuminate\\Routing\\Route->runController()
#16 C:\\wamp64\\www\\jisha\\Medon\\vendor\\laravel\\framework\\src\\Illuminate\\Routing\\Router.php(721): Illuminate\\Routing\\Route->run()
#17 C:\\wamp64\\www\\jisha\\Medon\\vendor\\laravel\\framework\\src\\Illuminate\\Pipeline\\Pipeline.php(128): Illuminate\\Routing\\Router->Illuminate\\Routing\\{closure}(Object(Illuminate\\Http\\Request))
#18 C:\\wamp64\\www\\jisha\\Medon\\vendor\\fruitcake\\laravel-cors\\src\\HandleCors.php(52): Illuminate\\Pipeline\\Pipeline->Illuminate\\Pipeline\\{closure}(Object(Illuminate\\Http\\Request))
#19 C:\\wamp64\\www\\jisha\\Medon\\vendor\\laravel\\framework\\src\\Illuminate\\Pipeline\\Pipeline.php(167): Fruitcake\\Cors\\HandleCors->handle(Object(Illuminate\\Http\\Request), Object(Closure))
#20 C:\\wamp64\\www\\jisha\\Medon\\vendor\\laravel\\framework\\src\\Illuminate\\Routing\\Middleware\\SubstituteBindings.php(50): Illuminate\\Pipeline\\Pipeline->Illuminate\\Pipeline\\{closure}(Object(Illuminate\\Http\\Request))
#21 C:\\wamp64\\www\\jisha\\Medon\\vendor\\laravel\\framework\\src\\Illuminate\\Pipeline\\Pipeline.php(167): Illuminate\\Routing\\Middleware\\SubstituteBindings->handle(Object(Illuminate\\Http\\Request), Object(Closure))
#22 C:\\wamp64\\www\\jisha\\Medon\\vendor\\laravel\\framework\\src\\Illuminate\\Routing\\Middleware\\ThrottleRequests.php(127): Illuminate\\Pipeline\\Pipeline->Illuminate\\Pipeline\\{closure}(Object(Illuminate\\Http\\Request))
#23 C:\\wamp64\\www\\jisha\\Medon\\vendor\\laravel\\framework\\src\\Illuminate\\Routing\\Middleware\\ThrottleRequests.php(103): Illuminate\\Routing\\Middleware\\ThrottleRequests->handleRequest(Object(Illuminate\\Http\\Request), Object(Closure), Array)
#24 C:\\wamp64\\www\\jisha\\Medon\\vendor\\laravel\\framework\\src\\Illuminate\\Routing\\Middleware\\ThrottleRequests.php(55): Illuminate\\Routing\\Middleware\\ThrottleRequests->handleRequestUsingNamedLimiter(Object(Illuminate\\Http\\Request), Object(Closure), 'api', Object(Closure))
#25 C:\\wamp64\\www\\jisha\\Medon\\vendor\\laravel\\framework\\src\\Illuminate\\Pipeline\\Pipeline.php(167): Illuminate\\Routing\\Middleware\\ThrottleRequests->handle(Object(Illuminate\\Http\\Request), Object(Closure), 'api')
#26 C:\\wamp64\\www\\jisha\\Medon\\vendor\\laravel\\sanctum\\src\\Http\\Middleware\\EnsureFrontendRequestsAreStateful.php(33): Illuminate\\Pipeline\\Pipeline->Illuminate\\Pipeline\\{closure}(Object(Illuminate\\Http\\Request))
#27 C:\\wamp64\\www\\jisha\\Medon\\vendor\\laravel\\framework\\src\\Illuminate\\Pipeline\\Pipeline.php(128): Laravel\\Sanctum\\Http\\Middleware\\EnsureFrontendRequestsAreStateful->Laravel\\Sanctum\\Http\\Middleware\\{closure}(Object(Illuminate\\Http\\Request))
#28 C:\\wamp64\\www\\jisha\\Medon\\vendor\\laravel\\framework\\src\\Illuminate\\Pipeline\\Pipeline.php(103): Illuminate\\Pipeline\\Pipeline->Illuminate\\Pipeline\\{closure}(Object(Illuminate\\Http\\Request))
#29 C:\\wamp64\\www\\jisha\\Medon\\vendor\\laravel\\sanctum\\src\\Http\\Middleware\\EnsureFrontendRequestsAreStateful.php(34): Illuminate\\Pipeline\\Pipeline->then(Object(Closure))
#30 C:\\wamp64\\www\\jisha\\Medon\\vendor\\laravel\\framework\\src\\Illuminate\\Pipeline\\Pipeline.php(167): Laravel\\Sanctum\\Http\\Middleware\\EnsureFrontendRequestsAreStateful->handle(Object(Illuminate\\Http\\Request), Object(Closure))
#31 C:\\wamp64\\www\\jisha\\Medon\\vendor\\laravel\\framework\\src\\Illuminate\\Pipeline\\Pipeline.php(103): Illuminate\\Pipeline\\Pipeline->Illuminate\\Pipeline\\{closure}(Object(Illuminate\\Http\\Request))
#32 C:\\wamp64\\www\\jisha\\Medon\\vendor\\laravel\\framework\\src\\Illuminate\\Routing\\Router.php(723): Illuminate\\Pipeline\\Pipeline->then(Object(Closure))
#33 C:\\wamp64\\www\\jisha\\Medon\\vendor\\laravel\\framework\\src\\Illuminate\\Routing\\Router.php(698): Illuminate\\Routing\\Router->runRouteWithinStack(Object(Illuminate\\Routing\\Route), Object(Illuminate\\Http\\Request))
#34 C:\\wamp64\\www\\jisha\\Medon\\vendor\\laravel\\framework\\src\\Illuminate\\Routing\\Router.php(662): Illuminate\\Routing\\Router->runRoute(Object(Illuminate\\Http\\Request), Object(Illuminate\\Routing\\Route))
#35 C:\\wamp64\\www\\jisha\\Medon\\vendor\\laravel\\framework\\src\\Illuminate\\Routing\\Router.php(651): Illuminate\\Routing\\Router->dispatchToRoute(Object(Illuminate\\Http\\Request))
#36 C:\\wamp64\\www\\jisha\\Medon\\vendor\\laravel\\framework\\src\\Illuminate\\Foundation\\Http\\Kernel.php(167): Illuminate\\Routing\\Router->dispatch(Object(Illuminate\\Http\\Request))
#37 C:\\wamp64\\www\\jisha\\Medon\\vendor\\laravel\\framework\\src\\Illuminate\\Pipeline\\Pipeline.php(128): Illuminate\\Foundation\\Http\\Kernel->Illuminate\\Foundation\\Http\\{closure}(Object(Illuminate\\Http\\Request))
#38 C:\\wamp64\\www\\jisha\\Medon\\vendor\\livewire\\livewire\\src\\DisableBrowserCache.php(19): Illuminate\\Pipeline\\Pipeline->Illuminate\\Pipeline\\{closure}(Object(Illuminate\\Http\\Request))
#39 C:\\wamp64\\www\\jisha\\Medon\\vendor\\laravel\\framework\\src\\Illuminate\\Pipeline\\Pipeline.php(167): Livewire\\DisableBrowserCache->handle(Object(Illuminate\\Http\\Request), Object(Closure))
#40 C:\\wamp64\\www\\jisha\\Medon\\vendor\\barryvdh\\laravel-debugbar\\src\\Middleware\\InjectDebugbar.php(66): Illuminate\\Pipeline\\Pipeline->Illuminate\\Pipeline\\{closure}(Object(Illuminate\\Http\\Request))
#41 C:\\wamp64\\www\\jisha\\Medon\\vendor\\laravel\\framework\\src\\Illuminate\\Pipeline\\Pipeline.php(167): Barryvdh\\Debugbar\\Middleware\\InjectDebugbar->handle(Object(Illuminate\\Http\\Request), Object(Closure))
#42 C:\\wamp64\\www\\jisha\\Medon\\vendor\\fideloper\\proxy\\src\\TrustProxies.php(57): Illuminate\\Pipeline\\Pipeline->Illuminate\\Pipeline\\{closure}(Object(Illuminate\\Http\\Request))
#43 C:\\wamp64\\www\\jisha\\Medon\\vendor\\laravel\\framework\\src\\Illuminate\\Pipeline\\Pipeline.php(167): Fideloper\\Proxy\\TrustProxies->handle(Object(Illuminate\\Http\\Request), Object(Closure))
#44 C:\\wamp64\\www\\jisha\\Medon\\vendor\\laravel\\framework\\src\\Illuminate\\Foundation\\Http\\Middleware\\TransformsRequest.php(21): Illuminate\\Pipeline\\Pipeline->Illuminate\\Pipeline\\{closure}(Object(Illuminate\\Http\\Request))
#45 C:\\wamp64\\www\\jisha\\Medon\\vendor\\laravel\\framework\\src\\Illuminate\\Foundation\\Http\\Middleware\\ConvertEmptyStringsToNull.php(31): Illuminate\\Foundation\\Http\\Middleware\\TransformsRequest->handle(Object(Illuminate\\Http\\Request), Object(Closure))
#46 C:\\wamp64\\www\\jisha\\Medon\\vendor\\laravel\\framework\\src\\Illuminate\\Pipeline\\Pipeline.php(167): Illuminate\\Foundation\\Http\\Middleware\\ConvertEmptyStringsToNull->handle(Object(Illuminate\\Http\\Request), Object(Closure))
#47 C:\\wamp64\\www\\jisha\\Medon\\vendor\\laravel\\framework\\src\\Illuminate\\Foundation\\Http\\Middleware\\TransformsRequest.php(21): Illuminate\\Pipeline\\Pipeline->Illuminate\\Pipeline\\{closure}(Object(Illuminate\\Http\\Request))
#48 C:\\wamp64\\www\\jisha\\Medon\\vendor\\laravel\\framework\\src\\Illuminate\\Foundation\\Http\\Middleware\\TrimStrings.php(40): Illuminate\\Foundation\\Http\\Middleware\\TransformsRequest->handle(Object(Illuminate\\Http\\Request), Object(Closure))
#49 C:\\wamp64\\www\\jisha\\Medon\\vendor\\laravel\\framework\\src\\Illuminate\\Pipeline\\Pipeline.php(167): Illuminate\\Foundation\\Http\\Middleware\\TrimStrings->handle(Object(Illuminate\\Http\\Request), Object(Closure))
#50 C:\\wamp64\\www\\jisha\\Medon\\vendor\\laravel\\framework\\src\\Illuminate\\Foundation\\Http\\Middleware\\ValidatePostSize.php(27): Illuminate\\Pipeline\\Pipeline->Illuminate\\Pipeline\\{closure}(Object(Illuminate\\Http\\Request))
#51 C:\\wamp64\\www\\jisha\\Medon\\vendor\\laravel\\framework\\src\\Illuminate\\Pipeline\\Pipeline.php(167): Illuminate\\Foundation\\Http\\Middleware\\ValidatePostSize->handle(Object(Illuminate\\Http\\Request), Object(Closure))
#52 C:\\wamp64\\www\\jisha\\Medon\\vendor\\fruitcake\\laravel-cors\\src\\HandleCors.php(52): Illuminate\\Pipeline\\Pipeline->Illuminate\\Pipeline\\{closure}(Object(Illuminate\\Http\\Request))
#53 C:\\wamp64\\www\\jisha\\Medon\\vendor\\laravel\\framework\\src\\Illuminate\\Pipeline\\Pipeline.php(167): Fruitcake\\Cors\\HandleCors->handle(Object(Illuminate\\Http\\Request), Object(Closure))
#54 C:\\wamp64\\www\\jisha\\Medon\\vendor\\laravel\\framework\\src\\Illuminate\\Pipeline\\Pipeline.php(103): Illuminate\\Pipeline\\Pipeline->Illuminate\\Pipeline\\{closure}(Object(Illuminate\\Http\\Request))
#55 C:\\wamp64\\www\\jisha\\Medon\\vendor\\laravel\\framework\\src\\Illuminate\\Foundation\\Http\\Kernel.php(142): Illuminate\\Pipeline\\Pipeline->then(Object(Closure))
#56 C:\\wamp64\\www\\jisha\\Medon\\vendor\\laravel\\framework\\src\\Illuminate\\Foundation\\Http\\Kernel.php(111): Illuminate\\Foundation\\Http\\Kernel->sendRequestThroughRouter(Object(Illuminate\\Http\\Request))
#57 C:\\wamp64\\www\\jisha\\Medon\\public\\index.php(52): Illuminate\\Foundation\\Http\\Kernel->handle(Object(Illuminate\\Http\\Request))
#58 C:\\wamp64\\www\\jisha\\Medon\\server.php(21): require_once('C:\\\\wamp64\\\\www\\\\j...')
#59 {main}
"} 
